<?xml version="1.0" encoding="utf-8"?><testsuites><testsuite name="pytest" errors="0" failures="0" skipped="0" tests="10" time="1.725" timestamp="2025-10-19T12:42:40.795390" hostname="DESKTOP-HJG447E"><testcase classname="tests.e2e.test_complete_workflow.TestCompleteWorkflow" name="test_complete_markdown_to_kindle_workflow" time="0.066" /><testcase classname="tests.e2e.test_complete_workflow.TestCompleteWorkflow" name="test_complete_pdf_to_obsidian_workflow" time="0.018" /><testcase classname="tests.e2e.test_complete_workflow.TestCompleteWorkflow" name="test_file_watcher_workflow" time="0.325" /><testcase classname="tests.e2e.test_complete_workflow.TestCompleteWorkflow" name="test_concurrent_file_processing_workflow" time="0.047" /><testcase classname="tests.e2e.test_complete_workflow.TestCompleteWorkflow" name="test_error_recovery_workflow" time="0.018" /><testcase classname="tests.e2e.test_complete_workflow.TestCompleteWorkflow" name="test_backup_and_cleanup_workflow" time="0.020" /><testcase classname="tests.e2e.test_complete_workflow.TestCompleteWorkflow" name="test_kindle_sync_workflow" time="0.017" /><testcase classname="tests.e2e.test_complete_workflow.TestCompleteWorkflow" name="test_statistics_tracking_workflow" time="0.019" /><testcase classname="tests.e2e.test_complete_workflow.TestCompleteWorkflow" name="test_configuration_validation_workflow" time="0.018" /><testcase classname="tests.e2e.test_complete_workflow.TestCompleteWorkflow" name="test_complete_system_lifecycle" time="0.020" /></testsuite></testsuites>
